2019-02-18 09:50:41,848 main INFO com.winnie.driver.SeleniumWebdriver - start open browse 
2019-02-18 09:50:43,017 main INFO com.winnie.action.BaseAction - use webDriverwait to find element
2019-02-18 09:50:43,460 main INFO com.winnie.action.BaseAction - use webDriverwait to find element
2019-02-18 09:50:43,590 main INFO com.winnie.action.BaseAction - use webDriverwait to find element
2019-02-18 09:54:30,913 main INFO com.winnie.action.BaseAction - use webDriverwait to find element
2019-02-18 09:54:31,052 main INFO com.winnie.action.BaseAction - use webDriverwait to find element
2019-02-18 09:54:31,154 main INFO com.winnie.action.BaseAction - use webDriverwait to find element
2019-02-18 09:54:46,280 main INFO com.winnie.action.BaseAction - use webDriverwait to find element
2019-02-18 09:54:46,335 main INFO com.winnie.cbx.common.CommonFunction - Navi: Products
2019-02-18 09:54:46,465 main INFO com.winnie.action.BaseAction - use webDriverwait to find element
2019-02-18 09:55:07,007 main INFO com.winnie.action.BaseAction - use webDriverwait to find element
2019-02-18 09:55:07,079 main INFO com.winnie.cbx.common.CommonFunction - Navi: Sourcing
2019-02-18 09:55:07,130 main INFO com.winnie.action.BaseAction - use webDriverwait to find element
2019-02-18 09:55:08,234 main INFO com.winnie.action.BaseAction - use webDriverwait to find element
2019-02-18 09:55:19,845 main INFO com.winnie.action.BaseAction - use webDriverwait to find element
2019-02-18 09:55:19,910 main INFO com.winnie.action.BaseAction - use webDriverwait to find element
2019-02-18 09:58:59,518 main INFO com.winnie.driver.SeleniumWebdriver - start open browse 
2019-02-18 09:59:00,326 main INFO com.winnie.action.BaseAction - use webDriverwait to find element
2019-02-18 09:59:00,570 main INFO com.winnie.action.BaseAction - use webDriverwait to find element
2019-02-18 09:59:00,696 main INFO com.winnie.action.BaseAction - use webDriverwait to find element
2019-02-18 09:59:12,943 main INFO com.winnie.action.BaseAction - use webDriverwait to find element
2019-02-18 09:59:12,998 main INFO com.winnie.cbx.common.CommonFunction - Navi: Products
2019-02-18 09:59:13,074 main INFO com.winnie.action.BaseAction - use webDriverwait to find element
2019-02-18 09:59:17,065 main INFO com.winnie.action.BaseAction - use webDriverwait to find element
2019-02-18 09:59:27,177 main INFO com.winnie.action.BaseAction - use webDriverwait to find element
2019-02-18 09:59:27,217 main INFO com.winnie.cbx.common.CommonFunction - Navi: Sourcing
2019-02-18 09:59:27,284 main INFO com.winnie.action.BaseAction - use webDriverwait to find element
2019-02-18 09:59:28,181 main INFO com.winnie.action.BaseAction - use webDriverwait to find element
2019-02-18 10:20:37,522 main INFO com.winnie.driver.SeleniumWebdriver - start open browse 
2019-02-18 10:20:38,650 main INFO com.winnie.action.BaseAction - use webDriverwait to find element
2019-02-18 10:20:38,903 main INFO com.winnie.action.BaseAction - use webDriverwait to find element
2019-02-18 10:20:39,022 main INFO com.winnie.action.BaseAction - use webDriverwait to find element
2019-02-18 10:20:41,013 main INFO com.winnie.action.BaseAction - use webDriverwait to find element
2019-02-18 10:20:53,811 main INFO com.winnie.action.BaseAction - use webDriverwait to find element
2019-02-18 10:20:53,868 main INFO com.winnie.cbx.common.CommonFunction - Navi: Products
2019-02-18 10:20:53,930 main INFO com.winnie.action.BaseAction - use webDriverwait to find element
2019-02-18 10:21:07,267 main INFO com.winnie.action.BaseAction - use webDriverwait to find element
2019-02-18 10:21:07,319 main INFO com.winnie.cbx.common.CommonFunction - Navi: Masters
2019-02-18 10:21:07,372 main INFO com.winnie.action.BaseAction - use webDriverwait to find element
2019-02-18 10:21:11,267 main INFO com.winnie.action.BaseAction - use webDriverwait to find element
2019-02-18 10:40:29,177 main INFO com.winnie.driver.SeleniumWebdriver - start open browse 
2019-02-18 10:40:30,127 main INFO com.winnie.action.BaseAction - use webDriverwait to find element
2019-02-18 10:40:30,352 main INFO com.winnie.action.BaseAction - use webDriverwait to find element
2019-02-18 10:40:30,461 main INFO com.winnie.action.BaseAction - use webDriverwait to find element
2019-02-18 10:40:31,393 main INFO com.winnie.action.BaseAction - use webDriverwait to find element
2019-02-18 10:40:34,865 main INFO com.winnie.action.BaseAction - use webDriverwait to find element
2019-02-18 10:40:35,085 main INFO com.winnie.action.BaseAction - use webDriverwait to find element
2019-02-18 10:40:35,222 main INFO com.winnie.action.BaseAction - use webDriverwait to find element
2019-02-18 10:40:50,339 main INFO com.winnie.action.BaseAction - use webDriverwait to find element
2019-02-18 10:40:50,410 main INFO com.winnie.cbx.common.CommonFunction - Navi: Products
2019-02-18 10:40:50,494 main INFO com.winnie.action.BaseAction - use webDriverwait to find element
2019-02-18 10:41:06,149 main INFO com.winnie.action.BaseAction - use webDriverwait to find element
2019-02-18 10:41:06,201 main INFO com.winnie.cbx.common.CommonFunction - Navi: Masters
2019-02-18 10:41:06,255 main INFO com.winnie.action.BaseAction - use webDriverwait to find element
2019-02-18 10:41:07,024 main INFO com.winnie.action.BaseAction - use webDriverwait to find element
2019-02-18 10:41:18,150 main INFO com.winnie.action.BaseAction - use webDriverwait to find element
2019-02-18 10:41:18,240 main INFO com.winnie.action.BaseAction - use webDriverwait to find element
2019-02-18 10:41:28,864 main INFO com.winnie.action.BaseAction - use webDriverwait to find element
2019-02-18 10:44:09,466 main INFO com.winnie.driver.SeleniumWebdriver - start open browse 
2019-02-18 10:44:10,315 main INFO com.winnie.action.BaseAction - use webDriverwait to find element
2019-02-18 10:44:10,558 main INFO com.winnie.action.BaseAction - use webDriverwait to find element
2019-02-18 10:44:10,681 main INFO com.winnie.action.BaseAction - use webDriverwait to find element
2019-02-18 10:44:17,415 main INFO com.winnie.action.BaseAction - use webDriverwait to find element
2019-02-18 10:44:17,586 main INFO com.winnie.action.BaseAction - use webDriverwait to find element
2019-02-18 10:44:17,713 main INFO com.winnie.action.BaseAction - use webDriverwait to find element
2019-02-18 10:44:32,052 TestNG-test=Test-2 INFO com.winnie.action.BaseAction - use webDriverwait to find element
2019-02-18 10:44:32,053 TestNG-test=Test-1 INFO com.winnie.action.BaseAction - use webDriverwait to find element
2019-02-18 10:44:32,100 TestNG-test=Test-2 INFO com.winnie.cbx.common.CommonFunction - Navi: Masters
2019-02-18 10:44:32,116 TestNG-test=Test-1 INFO com.winnie.cbx.common.CommonFunction - Navi: Products
2019-02-18 10:44:32,217 TestNG-test=Test-2 INFO com.winnie.action.BaseAction - use webDriverwait to find element
2019-02-18 10:44:32,223 TestNG-test=Test-1 INFO com.winnie.action.BaseAction - use webDriverwait to find element
2019-02-18 10:44:35,988 TestNG-test=Test-2 INFO com.winnie.action.BaseAction - use webDriverwait to find element
2019-02-18 10:44:36,062 TestNG-test=Test-1 INFO com.winnie.action.BaseAction - use webDriverwait to find element
2019-02-18 10:44:46,159 main INFO com.winnie.action.BaseAction - use webDriverwait to find element
2019-02-18 10:44:46,241 main INFO com.winnie.action.BaseAction - use webDriverwait to find element
2019-02-18 10:44:57,353 main INFO com.winnie.action.BaseAction - use webDriverwait to find element
2019-02-18 10:47:55,539 main INFO com.winnie.driver.SeleniumWebdriver - start open browse 
2019-02-18 10:47:56,588 main INFO com.winnie.action.BaseAction - use webDriverwait to find element
2019-02-18 10:47:56,954 main INFO com.winnie.action.BaseAction - use webDriverwait to find element
2019-02-18 10:47:57,128 main INFO com.winnie.action.BaseAction - use webDriverwait to find element
2019-02-18 10:48:26,503 main INFO com.winnie.action.BaseAction - use webDriverwait to find element
2019-02-18 10:48:26,662 main INFO com.winnie.action.BaseAction - use webDriverwait to find element
2019-02-18 10:48:26,768 main INFO com.winnie.action.BaseAction - use webDriverwait to find element
2019-02-18 10:48:39,929 TestNG-test=Test-2 INFO com.winnie.action.BaseAction - use webDriverwait to find element
2019-02-18 10:48:39,931 TestNG-test=Test-1 INFO com.winnie.action.BaseAction - use webDriverwait to find element
2019-02-18 10:48:40,001 TestNG-test=Test-2 INFO com.winnie.cbx.common.CommonFunction - Navi: Masters
2019-02-18 10:48:40,019 TestNG-test=Test-1 INFO com.winnie.cbx.common.CommonFunction - Navi: Products
2019-02-18 10:48:40,112 TestNG-test=Test-2 INFO com.winnie.action.BaseAction - use webDriverwait to find element
2019-02-18 10:48:40,117 TestNG-test=Test-1 INFO com.winnie.action.BaseAction - use webDriverwait to find element
2019-02-18 10:48:48,405 TestNG-test=Test-2 INFO com.winnie.action.BaseAction - use webDriverwait to find element
2019-02-18 10:48:48,465 TestNG-test=Test-1 INFO com.winnie.action.BaseAction - use webDriverwait to find element
2019-02-18 10:48:58,533 main INFO com.winnie.action.BaseAction - use webDriverwait to find element
2019-02-18 10:48:58,626 main INFO com.winnie.action.BaseAction - use webDriverwait to find element
2019-02-18 10:49:09,213 main INFO com.winnie.action.BaseAction - use webDriverwait to find element
2019-02-18 11:04:39,029 main INFO com.winnie.driver.SeleniumWebdriver - start open browse 
2019-02-18 11:04:39,829 main INFO com.winnie.action.BaseAction - use webDriverwait to find element
2019-02-18 11:04:40,049 main INFO com.winnie.action.BaseAction - use webDriverwait to find element
2019-02-18 11:04:40,159 main INFO com.winnie.action.BaseAction - use webDriverwait to find element
2019-02-18 11:04:44,048 main INFO com.winnie.action.BaseAction - use webDriverwait to find element
2019-02-18 11:04:44,267 main INFO com.winnie.action.BaseAction - use webDriverwait to find element
2019-02-18 11:04:44,423 main INFO com.winnie.action.BaseAction - use webDriverwait to find element
2019-02-18 11:04:57,234 TestNG-test=Test-2 INFO com.winnie.action.BaseAction - use webDriverwait to find element
2019-02-18 11:04:57,239 TestNG-test=Test-1 INFO com.winnie.action.BaseAction - use webDriverwait to find element
2019-02-18 11:04:57,299 TestNG-test=Test-2 INFO com.winnie.cbx.common.CommonFunction - Navi: Masters
2019-02-18 11:04:57,316 TestNG-test=Test-1 INFO com.winnie.cbx.common.CommonFunction - Navi: Products
2019-02-18 11:04:57,411 TestNG-test=Test-1 INFO com.winnie.action.BaseAction - use webDriverwait to find element
2019-02-18 11:04:57,416 TestNG-test=Test-2 INFO com.winnie.action.BaseAction - use webDriverwait to find element
2019-02-18 11:04:59,680 TestNG-test=Test-2 INFO com.winnie.action.BaseAction - use webDriverwait to find element
2019-02-18 11:05:09,839 main INFO com.winnie.action.BaseAction - use webDriverwait to find element
2019-02-18 11:05:09,912 main INFO com.winnie.action.BaseAction - use webDriverwait to find element
2019-02-18 11:05:20,513 main INFO com.winnie.action.BaseAction - use webDriverwait to find element
2019-02-18 11:06:57,822 main INFO com.winnie.driver.SeleniumWebdriver - start open browse 
2019-02-18 11:06:58,882 main INFO com.winnie.action.BaseAction - use webDriverwait to find element
2019-02-18 11:06:59,206 main INFO com.winnie.action.BaseAction - use webDriverwait to find element
2019-02-18 11:06:59,369 main INFO com.winnie.action.BaseAction - use webDriverwait to find element
2019-02-18 11:07:12,558 TestNG-test=Test1-1 INFO com.winnie.action.BaseAction - use webDriverwait to find element
2019-02-18 11:07:12,598 TestNG-test=Test1-1 INFO com.winnie.cbx.common.CommonFunction - Navi: Products
2019-02-18 11:07:12,686 TestNG-test=Test1-1 INFO com.winnie.action.BaseAction - use webDriverwait to find element
2019-02-18 11:07:19,520 TestNG-test=Test1-1 INFO com.winnie.action.BaseAction - use webDriverwait to find element
2019-02-18 11:07:29,652 main INFO com.winnie.action.BaseAction - use webDriverwait to find element
2019-02-18 11:07:29,717 main INFO com.winnie.action.BaseAction - use webDriverwait to find element
2019-02-18 11:07:30,530 main INFO com.winnie.action.BaseAction - use webDriverwait to find element
2019-02-18 11:07:30,727 main INFO com.winnie.action.BaseAction - use webDriverwait to find element
2019-02-18 11:07:30,854 main INFO com.winnie.action.BaseAction - use webDriverwait to find element
2019-02-18 11:07:43,778 TestNG-test=Test2-1 INFO com.winnie.action.BaseAction - use webDriverwait to find element
2019-02-18 11:07:43,822 TestNG-test=Test2-1 INFO com.winnie.cbx.common.CommonFunction - Navi: Masters
2019-02-18 11:07:43,872 TestNG-test=Test2-1 INFO com.winnie.action.BaseAction - use webDriverwait to find element
2019-02-18 11:07:57,699 main INFO com.winnie.action.BaseAction - use webDriverwait to find element
2019-02-18 11:07:57,755 main INFO com.winnie.action.BaseAction - use webDriverwait to find element
2019-02-18 11:13:02,320 main INFO com.winnie.driver.SeleniumWebdriver - start open browse 
2019-02-18 11:13:04,007 main INFO com.winnie.action.BaseAction - use webDriverwait to find element
2019-02-18 11:13:04,377 main INFO com.winnie.action.BaseAction - use webDriverwait to find element
2019-02-18 11:13:04,516 main INFO com.winnie.action.BaseAction - use webDriverwait to find element
2019-02-18 11:13:17,828 TestNG-test=Test1-1 INFO com.winnie.action.BaseAction - use webDriverwait to find element
2019-02-18 11:13:17,909 TestNG-test=Test1-1 INFO com.winnie.cbx.common.CommonFunction - Navi: Products
2019-02-18 11:13:22,989 TestNG-test=Test1-1 INFO com.winnie.action.BaseAction - use webDriverwait to find element
2019-02-18 11:13:25,607 TestNG-test=Test1-1 INFO com.winnie.action.BaseAction - use webDriverwait to find element
2019-02-18 11:13:35,717 main INFO com.winnie.action.BaseAction - use webDriverwait to find element
2019-02-18 11:13:35,792 main INFO com.winnie.action.BaseAction - use webDriverwait to find element
2019-02-18 11:13:36,636 main INFO com.winnie.action.BaseAction - use webDriverwait to find element
2019-02-18 11:13:36,800 main INFO com.winnie.action.BaseAction - use webDriverwait to find element
2019-02-18 11:13:36,905 main INFO com.winnie.action.BaseAction - use webDriverwait to find element
2019-02-18 11:13:49,482 TestNG-test=Test2-1 INFO com.winnie.action.BaseAction - use webDriverwait to find element
2019-02-18 11:13:49,543 TestNG-test=Test2-1 INFO com.winnie.cbx.common.CommonFunction - Navi: Masters
2019-02-18 11:13:54,590 TestNG-test=Test2-1 INFO com.winnie.action.BaseAction - use webDriverwait to find element
2019-02-18 11:13:54,707 TestNG-test=Test2-1 INFO com.winnie.action.BaseAction - use webDriverwait to find element
2019-02-18 11:14:04,816 main INFO com.winnie.action.BaseAction - use webDriverwait to find element
2019-02-18 11:14:04,900 main INFO com.winnie.action.BaseAction - use webDriverwait to find element
2019-02-18 11:43:31,863 main INFO com.winnie.driver.SeleniumWebdriver - start open browse 
2019-02-18 11:43:32,918 main INFO com.winnie.action.BaseAction - use webDriverwait to find element
2019-02-18 11:43:33,146 main INFO com.winnie.action.BaseAction - use webDriverwait to find element
2019-02-18 11:43:33,274 main INFO com.winnie.action.BaseAction - use webDriverwait to find element
2019-02-18 11:43:46,901 TestNG-test=Test1-1 INFO com.winnie.action.BaseAction - use webDriverwait to find element
2019-02-18 11:43:46,964 TestNG-test=Test1-1 INFO com.winnie.cbx.common.CommonFunction - Navi: Products
2019-02-18 11:43:52,031 TestNG-test=Test1-1 INFO com.winnie.action.BaseAction - use webDriverwait to find element
2019-02-18 11:44:04,297 main INFO com.winnie.action.BaseAction - use webDriverwait to find element
2019-02-18 11:44:04,378 main INFO com.winnie.action.BaseAction - use webDriverwait to find element
2019-02-18 11:44:05,202 main INFO com.winnie.action.BaseAction - use webDriverwait to find element
2019-02-18 11:44:05,357 main INFO com.winnie.action.BaseAction - use webDriverwait to find element
2019-02-18 11:44:05,460 main INFO com.winnie.action.BaseAction - use webDriverwait to find element
2019-02-18 11:44:18,264 TestNG-test=Test2-1 INFO com.winnie.action.BaseAction - use webDriverwait to find element
2019-02-18 11:44:18,329 TestNG-test=Test2-1 INFO com.winnie.cbx.common.CommonFunction - Navi: Masters
2019-02-18 11:44:23,377 TestNG-test=Test2-1 INFO com.winnie.action.BaseAction - use webDriverwait to find element
2019-02-18 11:44:23,488 TestNG-test=Test2-1 INFO com.winnie.action.BaseAction - use webDriverwait to find element
2019-02-18 11:44:23,596 TestNG-test=Test2-1 INFO com.winnie.cbx.common.CommonFunction - export current fields successfully
2019-02-18 11:44:33,601 main INFO com.winnie.action.BaseAction - use webDriverwait to find element
2019-02-18 11:44:33,677 main INFO com.winnie.action.BaseAction - use webDriverwait to find element
2019-02-18 11:47:25,869 main INFO com.winnie.driver.SeleniumWebdriver - start open browse 
2019-02-18 11:47:26,928 main INFO com.winnie.action.BaseAction - use webDriverwait to find element
2019-02-18 11:47:27,140 main INFO com.winnie.action.BaseAction - use webDriverwait to find element
2019-02-18 11:47:27,243 main INFO com.winnie.action.BaseAction - use webDriverwait to find element
2019-02-18 11:47:45,977 TestNG-test=Test1-1 INFO com.winnie.action.BaseAction - use webDriverwait to find element
2019-02-18 11:47:46,037 TestNG-test=Test1-1 INFO com.winnie.cbx.common.CommonFunction - Navi: Products
2019-02-18 11:47:51,108 TestNG-test=Test1-1 INFO com.winnie.action.BaseAction - use webDriverwait to find element
2019-02-18 11:47:51,235 TestNG-test=Test1-1 INFO com.winnie.action.BaseAction - use webDriverwait to find element
2019-02-18 11:47:51,327 TestNG-test=Test1-1 INFO com.winnie.cbx.common.CommonFunction - export current fields successfully
2019-02-18 11:48:01,332 main INFO com.winnie.action.BaseAction - use webDriverwait to find element
2019-02-18 11:48:01,406 main INFO com.winnie.action.BaseAction - use webDriverwait to find element
2019-02-18 13:23:31,360 main INFO com.winnie.driver.SeleniumWebdriver - start open browse 
2019-02-18 13:23:32,061 main INFO com.winnie.action.BaseAction - use webDriverwait to find element
2019-02-18 13:23:32,266 main INFO com.winnie.action.BaseAction - use webDriverwait to find element
2019-02-18 13:23:32,371 main INFO com.winnie.action.BaseAction - use webDriverwait to find element
2019-02-18 13:23:55,938 TestNG-test=Test1-1 INFO com.winnie.action.BaseAction - use webDriverwait to find element
2019-02-18 13:23:55,999 TestNG-test=Test1-1 INFO com.winnie.cbx.common.CommonFunction - Navi: Products
2019-02-18 13:24:01,067 TestNG-test=Test1-1 INFO com.winnie.action.BaseAction - use webDriverwait to find element
2019-02-18 13:24:01,200 TestNG-test=Test1-1 INFO com.winnie.action.BaseAction - use webDriverwait to find element
2019-02-18 13:24:01,300 TestNG-test=Test1-1 INFO com.winnie.cbx.common.CommonFunction - export current fields successfully
2019-02-18 13:24:16,308 main INFO com.winnie.action.BaseAction - use webDriverwait to find element
2019-02-18 13:24:16,396 main INFO com.winnie.action.BaseAction - use webDriverwait to find element
2019-02-18 13:26:00,728 main INFO com.winnie.driver.SeleniumWebdriver - start open browse 
2019-02-18 13:26:01,481 main INFO com.winnie.action.BaseAction - use webDriverwait to find element
2019-02-18 13:26:01,680 main INFO com.winnie.action.BaseAction - use webDriverwait to find element
2019-02-18 13:26:01,782 main INFO com.winnie.action.BaseAction - use webDriverwait to find element
2019-02-18 13:26:17,027 TestNG-test=Test1-1 INFO com.winnie.action.BaseAction - use webDriverwait to find element
2019-02-18 13:26:17,406 main INFO com.winnie.driver.SeleniumWebdriver - start open browse 
2019-02-18 13:26:18,204 main INFO com.winnie.action.BaseAction - use webDriverwait to find element
2019-02-18 13:26:18,453 main INFO com.winnie.action.BaseAction - use webDriverwait to find element
2019-02-18 13:26:18,584 main INFO com.winnie.action.BaseAction - use webDriverwait to find element
2019-02-18 13:26:31,163 main INFO com.winnie.action.BaseAction - use webDriverwait to find element
2019-02-18 13:26:36,661 TestNG-test=Test1-1 INFO com.winnie.action.BaseAction - use webDriverwait to find element
2019-02-18 13:26:36,740 TestNG-test=Test1-1 INFO com.winnie.cbx.common.CommonFunction - Navi: Products
2019-02-18 13:26:41,811 TestNG-test=Test1-1 INFO com.winnie.action.BaseAction - use webDriverwait to find element
2019-02-18 13:26:53,807 main INFO com.winnie.action.BaseAction - use webDriverwait to find element
2019-02-18 13:26:53,913 main INFO com.winnie.action.BaseAction - use webDriverwait to find element
2019-02-18 13:26:54,543 main INFO com.winnie.action.BaseAction - browse quit
2019-02-18 13:27:39,868 main INFO com.winnie.driver.SeleniumWebdriver - start open browse 
2019-02-18 13:27:40,581 main INFO com.winnie.action.BaseAction - use webDriverwait to find element
2019-02-18 13:27:40,786 main INFO com.winnie.action.BaseAction - use webDriverwait to find element
2019-02-18 13:27:40,886 main INFO com.winnie.action.BaseAction - use webDriverwait to find element
2019-02-18 13:27:56,278 TestNG-test=Test1-1 INFO com.winnie.action.BaseAction - use webDriverwait to find element
2019-02-18 13:28:00,147 main INFO com.winnie.driver.SeleniumWebdriver - start open browse 
2019-02-18 13:28:01,017 main INFO com.winnie.action.BaseAction - use webDriverwait to find element
2019-02-18 13:28:01,263 main INFO com.winnie.action.BaseAction - use webDriverwait to find element
2019-02-18 13:28:01,391 main INFO com.winnie.action.BaseAction - use webDriverwait to find element
2019-02-18 13:28:02,342 main INFO com.winnie.action.BaseAction - use webDriverwait to find element
2019-02-18 13:28:12,379 main INFO com.winnie.action.BaseAction - use webDriverwait to find element
2019-02-18 13:28:18,732 TestNG-test=Test1-1 INFO com.winnie.action.BaseAction - use webDriverwait to find element
2019-02-18 13:28:18,776 TestNG-test=Test1-1 INFO com.winnie.cbx.common.CommonFunction - Navi: Products
2019-02-18 13:28:23,859 TestNG-test=Test1-1 INFO com.winnie.action.BaseAction - use webDriverwait to find element
2019-02-18 13:28:31,058 TestNG-test=Test1-1 INFO com.winnie.action.BaseAction - use webDriverwait to find element
2019-02-18 13:28:31,181 TestNG-test=Test1-1 INFO com.winnie.cbx.common.CommonFunction - export current fields successfully
2019-02-18 13:28:46,232 main INFO com.winnie.action.BaseAction - use webDriverwait to find element
2019-02-18 13:28:46,305 main INFO com.winnie.action.BaseAction - use webDriverwait to find element
2019-02-18 13:28:46,929 main INFO com.winnie.action.BaseAction - browse quit
2019-02-18 13:31:23,832 main INFO com.winnie.driver.SeleniumWebdriver - start open browse 
2019-02-18 13:31:24,732 main INFO com.winnie.action.BaseAction - use webDriverwait to find element
2019-02-18 13:31:24,972 main INFO com.winnie.action.BaseAction - use webDriverwait to find element
2019-02-18 13:31:25,099 main INFO com.winnie.action.BaseAction - use webDriverwait to find element
2019-02-18 13:31:41,187 main INFO com.winnie.action.BaseAction - use webDriverwait to find element
2019-02-18 13:31:57,147 main INFO com.winnie.driver.SeleniumWebdriver - start open browse 
2019-02-18 13:31:58,108 main INFO com.winnie.action.BaseAction - use webDriverwait to find element
2019-02-18 13:31:58,367 main INFO com.winnie.action.BaseAction - use webDriverwait to find element
2019-02-18 13:31:58,497 main INFO com.winnie.action.BaseAction - use webDriverwait to find element
2019-02-18 13:32:00,639 main INFO com.winnie.action.BaseAction - use webDriverwait to find element
2019-02-18 13:32:21,795 main INFO com.winnie.action.BaseAction - use webDriverwait to find element
2019-02-18 13:32:21,857 main INFO com.winnie.cbx.common.CommonFunction - Navi: Products
2019-02-18 13:32:26,917 main INFO com.winnie.action.BaseAction - use webDriverwait to find element
2019-02-18 13:32:32,862 main INFO com.winnie.action.BaseAction - use webDriverwait to find element
2019-02-18 13:32:32,951 main INFO com.winnie.cbx.common.CommonFunction - export current fields successfully
2019-02-18 13:33:12,009 main INFO com.winnie.action.BaseAction - use webDriverwait to find element
2019-02-18 13:33:12,087 main INFO com.winnie.action.BaseAction - use webDriverwait to find element
2019-02-18 13:33:12,685 main INFO com.winnie.action.BaseAction - browse quit
2019-02-18 13:34:33,981 main INFO com.winnie.driver.SeleniumWebdriver - start open browse 
2019-02-18 13:34:34,665 main INFO com.winnie.action.BaseAction - use webDriverwait to find element
2019-02-18 13:34:34,877 main INFO com.winnie.action.BaseAction - use webDriverwait to find element
2019-02-18 13:34:34,983 main INFO com.winnie.action.BaseAction - use webDriverwait to find element
2019-02-18 13:34:50,340 main INFO com.winnie.action.BaseAction - use webDriverwait to find element
2019-02-18 13:34:56,404 main INFO com.winnie.action.BaseAction - use webDriverwait to find element
2019-02-18 13:36:17,932 main INFO com.winnie.driver.SeleniumWebdriver - start open browse 
2019-02-18 13:36:18,770 main INFO com.winnie.action.BaseAction - use webDriverwait to find element
2019-02-18 13:36:19,010 main INFO com.winnie.action.BaseAction - use webDriverwait to find element
2019-02-18 13:36:19,131 main INFO com.winnie.action.BaseAction - use webDriverwait to find element
2019-02-18 13:36:29,463 main INFO com.winnie.action.BaseAction - use webDriverwait to find element
2019-02-18 13:38:28,850 main INFO com.winnie.driver.SeleniumWebdriver - start open browse 
2019-02-18 13:38:29,863 main INFO com.winnie.action.BaseAction - use webDriverwait to find element
2019-02-18 13:38:30,164 main INFO com.winnie.action.BaseAction - use webDriverwait to find element
2019-02-18 13:38:30,320 main INFO com.winnie.action.BaseAction - use webDriverwait to find element
2019-02-18 13:38:40,715 TestNG-test=Test1-1 INFO com.winnie.action.BaseAction - use webDriverwait to find element
2019-02-18 13:38:50,791 TestNG-test=Test1-1 INFO com.winnie.action.BaseAction - use webDriverwait to find element
2019-02-18 13:39:11,240 main INFO com.winnie.action.BaseAction - use webDriverwait to find element
2019-02-18 13:39:30,031 main INFO com.winnie.driver.SeleniumWebdriver - start open browse 
2019-02-18 13:39:31,208 main INFO com.winnie.action.BaseAction - use webDriverwait to find element
2019-02-18 13:39:31,481 main INFO com.winnie.action.BaseAction - use webDriverwait to find element
2019-02-18 13:39:31,617 main INFO com.winnie.action.BaseAction - use webDriverwait to find element
2019-02-18 13:39:42,041 TestNG-test=Test1-1 INFO com.winnie.action.BaseAction - use webDriverwait to find element
2019-02-18 13:42:29,418 main INFO com.winnie.driver.SeleniumWebdriver - start open browse 
2019-02-18 13:42:30,476 main INFO com.winnie.action.BaseAction - use webDriverwait to find element
2019-02-18 13:42:30,730 main INFO com.winnie.action.BaseAction - use webDriverwait to find element
2019-02-18 13:42:30,885 main INFO com.winnie.action.BaseAction - use webDriverwait to find element
2019-02-18 13:42:41,242 TestNG-test=Test1-1 INFO com.winnie.action.BaseAction - use webDriverwait to find element
2019-02-18 13:42:51,597 TestNG-test=Test1-1 INFO com.winnie.action.BaseAction - use webDriverwait to find element
2019-02-18 13:43:11,932 main INFO com.winnie.action.BaseAction - use webDriverwait to find element
2019-02-18 13:43:58,839 main INFO com.winnie.driver.SeleniumWebdriver - start open browse 
2019-02-18 13:43:59,774 main INFO com.winnie.action.BaseAction - use webDriverwait to find element
2019-02-18 13:44:00,036 main INFO com.winnie.action.BaseAction - use webDriverwait to find element
2019-02-18 13:44:00,201 main INFO com.winnie.action.BaseAction - use webDriverwait to find element
2019-02-18 13:44:10,526 TestNG-test=Test1-1 INFO com.winnie.action.BaseAction - use webDriverwait to find element
2019-02-18 13:44:20,843 TestNG-test=Test1-1 INFO com.winnie.action.BaseAction - use webDriverwait to find element
2019-02-18 13:44:41,154 main INFO com.winnie.action.BaseAction - use webDriverwait to find element
2019-02-18 13:45:08,524 main INFO com.winnie.driver.SeleniumWebdriver - start open browse 
2019-02-18 13:45:09,573 main INFO com.winnie.action.BaseAction - use webDriverwait to find element
2019-02-18 13:45:09,803 main INFO com.winnie.action.BaseAction - use webDriverwait to find element
2019-02-18 13:45:09,933 main INFO com.winnie.action.BaseAction - use webDriverwait to find element
2019-02-18 13:45:25,385 TestNG-test=Test1-1 INFO com.winnie.action.BaseAction - use webDriverwait to find element
2019-02-18 13:45:25,428 TestNG-test=Test1-1 INFO com.winnie.cbx.common.CommonFunction - Navi: Products
2019-02-18 13:45:30,507 TestNG-test=Test1-1 INFO com.winnie.action.BaseAction - use webDriverwait to find element
2019-02-18 13:45:30,881 TestNG-test=Test1-1 INFO com.winnie.action.BaseAction - use webDriverwait to find element
2019-02-18 13:45:30,989 TestNG-test=Test1-1 INFO com.winnie.cbx.common.CommonFunction - export current fields successfully
2019-02-18 13:45:35,996 TestNG-test=Test1-1 INFO com.winnie.action.BaseAction - use webDriverwait to find element
2019-02-18 13:45:36,099 TestNG-test=Test1-1 INFO com.winnie.action.BaseAction - use webDriverwait to find element
2019-02-18 13:45:36,183 TestNG-test=Test1-1 INFO com.winnie.cbx.common.CommonFunction - create a doc successfully
2019-02-18 13:45:56,191 main INFO com.winnie.action.BaseAction - use webDriverwait to find element
2019-02-18 13:45:56,288 main INFO com.winnie.action.BaseAction - use webDriverwait to find element
2019-02-18 13:45:56,919 main INFO com.winnie.action.BaseAction - browse quit
2019-02-18 15:49:59,457 main INFO com.winnie.driver.SeleniumWebdriver - start open browse 
2019-02-18 15:50:00,324 main INFO com.winnie.action.BaseAction - use webDriverwait to find element: id=>username
2019-02-18 15:50:00,588 main INFO com.winnie.action.BaseAction - use webDriverwait to find element: id=>password
2019-02-18 15:50:00,723 main INFO com.winnie.action.BaseAction - use webDriverwait to find element: id=>submit
2019-02-18 15:50:20,479 main INFO com.winnie.action.BaseAction - use webDriverwait to find element: id=>cbx_e1
2019-02-18 15:50:20,551 main INFO com.winnie.cbx.common.CommonFunction - Navi: Products
2019-02-18 15:50:25,622 main INFO com.winnie.action.BaseAction - use webDriverwait to find element: id=>cbx_mainWin_export-a
2019-02-18 15:50:25,742 main INFO com.winnie.action.BaseAction - use webDriverwait to find element: id=>cbx_mainWin_searchViewCurExport-a
2019-02-18 15:50:25,843 main INFO com.winnie.cbx.common.CommonFunction - export current fields successfully
2019-02-18 15:50:30,859 main INFO com.winnie.action.BaseAction - use webDriverwait to find element: id=>cbx_mainWin_create-a
2019-02-18 15:50:41,459 main INFO com.winnie.action.BaseAction - use webDriverwait to find element: id=>cbx__imageDownBtn
2019-02-18 15:50:41,570 main INFO com.winnie.action.BaseAction - use webDriverwait to find element: id=>cbx__logoutTxtBtn
2019-02-18 15:50:42,204 main INFO com.winnie.action.BaseAction - browse quit
2019-02-18 15:54:59,838 main INFO com.winnie.driver.SeleniumWebdriver - start open browse 
2019-02-18 15:55:00,750 main INFO com.winnie.action.BaseAction - use webDriverwait to find element: id=>username
2019-02-18 15:55:00,973 main INFO com.winnie.action.BaseAction - use webDriverwait to find element: id=>password
2019-02-18 15:55:01,110 main INFO com.winnie.action.BaseAction - use webDriverwait to find element: id=>submit
2019-02-18 15:55:02,211 main INFO com.winnie.action.BaseAction - use webDriverwait to find element: xpath=>/html/body/form/div/div[3]/input[1]
2019-02-18 15:55:08,501 main INFO com.winnie.action.BaseAction - use webDriverwait to find element: id=>cbx_mainWin_create-a
2019-02-18 15:55:29,272 main INFO com.winnie.action.BaseAction - use webDriverwait to find element: id=>cbx__imageDownBtn
2019-02-18 15:55:29,360 main INFO com.winnie.action.BaseAction - use webDriverwait to find element: id=>cbx__logoutTxtBtn
2019-02-18 15:55:29,987 main INFO com.winnie.action.BaseAction - browse quit
2019-02-18 16:05:28,398 main INFO com.winnie.driver.SeleniumWebdriver - start open browse 
2019-02-18 16:05:29,222 main INFO com.winnie.action.BaseAction - use webDriverwait to find element: id=>username
2019-02-18 16:05:29,467 main INFO com.winnie.action.BaseAction - use webDriverwait to find element: id=>password
2019-02-18 16:05:29,592 main INFO com.winnie.action.BaseAction - use webDriverwait to find element: id=>submit
2019-02-18 16:05:30,394 main INFO com.winnie.action.BaseAction - use webDriverwait to find element: xpath=>/html/body/form/div/div[3]/input[1]
2019-02-18 16:05:43,661 main INFO com.winnie.action.BaseAction - use webDriverwait to find element: id=>cbx_e1
2019-02-18 16:05:43,723 main INFO com.winnie.cbx.common.CommonFunction - Navi: Products
2019-02-18 16:05:43,795 main INFO com.winnie.action.BaseAction - use webDriverwait to find element: id=>cbx_mainWin_create-a
2019-02-18 16:05:47,652 main INFO com.winnie.action.BaseAction - the screenShot file is saved in J:\workspace\selenium workspace\selenium_framework\screenshot\
2019-02-18 16:05:47,652 main INFO com.winnie.action.BaseAction - use webDriverwait to find element: id=>cbx_mainWin_itemSearchNewDoc-a
2019-02-18 16:05:48,077 main INFO com.winnie.action.BaseAction - the screenShot file is saved in J:\workspace\selenium workspace\selenium_framework\screenshot\
2019-02-18 16:05:48,077 main INFO com.winnie.cbx.common.CommonFunction - create a doc successfully
2019-02-18 16:05:58,077 main INFO com.winnie.action.BaseAction - use webDriverwait to find element: id=>cbx_itemForm_productCategory-btn
2019-02-18 16:06:08,854 main INFO com.winnie.action.BaseAction - the screenShot file is saved in J:\workspace\selenium workspace\selenium_framework\screenshot\
2019-02-18 16:06:09,237 main INFO com.winnie.action.BaseAction - the screenShot file is saved in J:\workspace\selenium workspace\selenium_framework\screenshot\
2019-02-18 16:06:19,243 main INFO com.winnie.action.BaseAction - use webDriverwait to find element: id=>cbx__imageDownBtn
2019-02-18 16:06:19,332 main INFO com.winnie.action.BaseAction - use webDriverwait to find element: id=>cbx__logoutTxtBtn
2019-02-18 16:06:19,930 main INFO com.winnie.action.BaseAction - browse quit
2019-02-18 16:12:09,224 main INFO com.winnie.driver.SeleniumWebdriver - start open browse 
2019-02-18 16:12:10,036 main INFO com.winnie.action.BaseAction - use webDriverwait to find element: id=>username
2019-02-18 16:12:10,263 main INFO com.winnie.action.BaseAction - use webDriverwait to find element: id=>password
2019-02-18 16:12:10,391 main INFO com.winnie.action.BaseAction - use webDriverwait to find element: id=>submit
2019-02-18 16:12:11,112 main INFO com.winnie.action.BaseAction - use webDriverwait to find element: xpath=>/html/body/form/div/div[3]/input[1]
2019-02-18 16:12:24,659 main INFO com.winnie.action.BaseAction - use webDriverwait to find element: id=>cbx_e1
2019-02-18 16:12:24,725 main INFO com.winnie.cbx.common.CommonFunction - Navi: Products
2019-02-18 16:12:29,799 main INFO com.winnie.action.BaseAction - use webDriverwait to find element: id=>cbx_mainWin_create-a
2019-02-18 16:12:30,227 main INFO com.winnie.action.BaseAction - use webDriverwait to find element: id=>cbx_mainWin_itemSearchNewDoc-a
2019-02-18 16:12:30,315 main INFO com.winnie.cbx.common.CommonFunction - create a doc successfully
2019-02-18 16:12:40,317 main INFO com.winnie.action.BaseAction - use webDriverwait to find element: id=>cbx_itemForm_productCategory-btn
2019-02-18 16:12:50,420 main INFO com.winnie.action.BaseAction - use webDriverwait to find element: id=>cbx__imageDownBtn
2019-02-18 16:12:50,481 main INFO com.winnie.action.BaseAction - use webDriverwait to find element: id=>cbx__logoutTxtBtn
2019-02-18 16:13:01,238 main INFO com.winnie.action.BaseAction - the screenShot file is saved in J:\workspace\selenium workspace\selenium_framework\screenshot\
2019-02-18 16:13:01,239 main ERROR com.winnie.action.BaseAction - find no element for id=>cbx__logoutTxtBtn
2019-02-18 16:28:18,278 main INFO com.winnie.driver.SeleniumWebdriver - start open browse 
2019-02-18 16:28:19,068 main INFO com.winnie.action.BaseAction - use webDriverwait to find element: id=>username
2019-02-18 16:28:19,303 main INFO com.winnie.action.BaseAction - use webDriverwait to find element: id=>password
2019-02-18 16:28:19,456 main INFO com.winnie.action.BaseAction - use webDriverwait to find element: id=>submit
2019-02-18 16:28:20,100 main INFO com.winnie.action.BaseAction - use webDriverwait to find element: xpath=>/html/body/form/div/div[3]/input[1]
2019-02-18 16:28:31,276 TestNG-test=Test1-1 INFO com.winnie.action.BaseAction - use webDriverwait to find element: id=>cbx_e1
2019-02-18 16:28:31,318 TestNG-test=Test1-1 INFO com.winnie.cbx.common.CommonFunction - Navi: Products
2019-02-18 16:28:36,424 TestNG-test=Test1-1 INFO com.winnie.action.BaseAction - use webDriverwait to find element: id=>cbx_mainWin_create-a
2019-02-18 16:28:36,556 TestNG-test=Test1-1 INFO com.winnie.action.BaseAction - use webDriverwait to find element: id=>cbx_mainWin_itemSearchNewDoc-a
2019-02-18 16:28:36,659 TestNG-test=Test1-1 INFO com.winnie.cbx.common.CommonFunction - create a doc successfully
2019-02-18 16:28:46,660 TestNG-test=Test1-1 INFO com.winnie.action.BaseAction - use webDriverwait to find element: id=>cbx_itemForm_productCategory-btn
2019-02-18 16:28:56,766 main INFO com.winnie.action.BaseAction - use webDriverwait to find element: id=>cbx__imageDownBtn
2019-02-18 16:28:56,855 main INFO com.winnie.action.BaseAction - use webDriverwait to find element: id=>cbx__logoutTxtBtn
2019-02-18 16:29:07,597 main INFO com.winnie.action.BaseAction - the screenShot file is saved in J:\workspace\selenium workspace\selenium_framework\screenshot\
2019-02-18 16:29:07,597 main ERROR com.winnie.action.BaseAction - find no element for id=>cbx__logoutTxtBtn
2019-02-18 16:30:37,116 main INFO com.winnie.driver.SeleniumWebdriver - start open browse 
2019-02-18 16:30:37,949 main INFO com.winnie.action.BaseAction - use webDriverwait to find element: id=>username
2019-02-18 16:30:38,173 main INFO com.winnie.action.BaseAction - use webDriverwait to find element: id=>password
2019-02-18 16:30:38,288 main INFO com.winnie.action.BaseAction - use webDriverwait to find element: id=>submit
2019-02-18 16:30:38,943 main INFO com.winnie.action.BaseAction - use webDriverwait to find element: xpath=>/html/body/form/div/div[3]/input[1]
2019-02-18 16:30:49,969 TestNG-test=Test1-1 INFO com.winnie.action.BaseAction - use webDriverwait to find element: id=>cbx_e1
2019-02-18 16:30:50,041 TestNG-test=Test1-1 INFO com.winnie.cbx.common.CommonFunction - Navi: Products
2019-02-18 16:30:55,139 TestNG-test=Test1-1 INFO com.winnie.action.BaseAction - use webDriverwait to find element: id=>cbx_mainWin_create-a
2019-02-18 16:30:55,292 TestNG-test=Test1-1 INFO com.winnie.action.BaseAction - use webDriverwait to find element: id=>cbx_mainWin_itemSearchNewDoc-a
2019-02-18 16:30:55,413 TestNG-test=Test1-1 INFO com.winnie.cbx.common.CommonFunction - create a doc successfully
2019-02-18 16:31:05,413 TestNG-test=Test1-1 INFO com.winnie.action.BaseAction - use webDriverwait to find element: id=>cbx_itemForm_productCategory-btn
2019-02-18 16:31:38,425 main INFO com.winnie.driver.SeleniumWebdriver - start open browse 
2019-02-18 16:31:39,328 main INFO com.winnie.action.BaseAction - use webDriverwait to find element: id=>username
2019-02-18 16:31:39,642 main INFO com.winnie.action.BaseAction - use webDriverwait to find element: id=>password
2019-02-18 16:31:39,809 main INFO com.winnie.action.BaseAction - use webDriverwait to find element: id=>submit
2019-02-18 16:31:40,891 main INFO com.winnie.action.BaseAction - use webDriverwait to find element: xpath=>/html/body/form/div/div[3]/input[1]
2019-02-18 16:31:52,563 TestNG-test=Test1-1 INFO com.winnie.action.BaseAction - use webDriverwait to find element: id=>cbx_e1
2019-02-18 16:31:52,650 TestNG-test=Test1-1 INFO com.winnie.cbx.common.CommonFunction - Navi: Products
2019-02-18 16:31:57,739 TestNG-test=Test1-1 INFO com.winnie.action.BaseAction - use webDriverwait to find element: id=>cbx_mainWin_create-a
2019-02-18 16:31:57,869 TestNG-test=Test1-1 INFO com.winnie.action.BaseAction - use webDriverwait to find element: id=>cbx_mainWin_itemSearchNewDoc-a
2019-02-18 16:31:57,969 TestNG-test=Test1-1 INFO com.winnie.cbx.common.CommonFunction - create a doc successfully
2019-02-18 16:33:15,112 main INFO com.winnie.driver.SeleniumWebdriver - start open browse 
2019-02-18 16:33:15,870 main INFO com.winnie.action.BaseAction - use webDriverwait to find element: id=>username
2019-02-18 16:33:16,079 main INFO com.winnie.action.BaseAction - use webDriverwait to find element: id=>password
2019-02-18 16:33:16,190 main INFO com.winnie.action.BaseAction - use webDriverwait to find element: id=>submit
2019-02-18 16:33:16,998 main INFO com.winnie.action.BaseAction - use webDriverwait to find element: xpath=>/html/body/form/div/div[3]/input[1]
2019-02-18 16:33:28,028 TestNG-test=Test1-1 INFO com.winnie.action.BaseAction - use webDriverwait to find element: id=>cbx_e1
2019-02-18 16:33:28,097 TestNG-test=Test1-1 INFO com.winnie.cbx.common.CommonFunction - Navi: Products
2019-02-18 16:33:33,171 TestNG-test=Test1-1 INFO com.winnie.action.BaseAction - use webDriverwait to find element: id=>cbx_mainWin_create-a
2019-02-18 16:33:33,304 TestNG-test=Test1-1 INFO com.winnie.action.BaseAction - use webDriverwait to find element: id=>cbx_mainWin_itemSearchNewDoc-a
2019-02-18 16:33:33,413 TestNG-test=Test1-1 INFO com.winnie.cbx.common.CommonFunction - create a doc successfully
2019-02-18 16:33:43,414 TestNG-test=Test1-1 INFO com.winnie.action.BaseAction - use webDriverwait to find element: id=>cbx_itemForm_productCategory-btn
2019-02-18 16:33:43,494 TestNG-test=Test1-1 INFO com.winnie.action.BaseAction - use webDriverwait to find element: xpath=>.//*[@id='cbx_mainWin_productCategoryViewGrid_SEL_COL-cave']/div[2]/span/input
2019-02-18 16:35:12,802 main INFO com.winnie.driver.SeleniumWebdriver - start open browse 
2019-02-18 16:35:13,681 main INFO com.winnie.action.BaseAction - use webDriverwait to find element: id=>username
2019-02-18 16:35:13,919 main INFO com.winnie.action.BaseAction - use webDriverwait to find element: id=>password
2019-02-18 16:35:14,049 main INFO com.winnie.action.BaseAction - use webDriverwait to find element: id=>submit
2019-02-18 16:35:14,756 main INFO com.winnie.action.BaseAction - use webDriverwait to find element: xpath=>/html/body/form/div/div[3]/input[1]
2019-02-18 16:35:25,953 TestNG-test=Test1-1 INFO com.winnie.action.BaseAction - use webDriverwait to find element: id=>cbx_e1
2019-02-18 16:35:26,019 TestNG-test=Test1-1 INFO com.winnie.cbx.common.CommonFunction - Navi: Products
2019-02-18 16:35:31,092 TestNG-test=Test1-1 INFO com.winnie.action.BaseAction - use webDriverwait to find element: id=>cbx_mainWin_create-a
2019-02-18 16:35:31,234 TestNG-test=Test1-1 INFO com.winnie.action.BaseAction - use webDriverwait to find element: id=>cbx_mainWin_itemSearchNewDoc-a
2019-02-18 16:35:31,340 TestNG-test=Test1-1 INFO com.winnie.cbx.common.CommonFunction - create a doc successfully
2019-02-18 16:35:41,340 TestNG-test=Test1-1 INFO com.winnie.action.BaseAction - use webDriverwait to find element: id=>cbx_itemForm_productCategory-btn
2019-02-18 16:35:56,298 TestNG-test=Test1-1 INFO com.winnie.action.BaseAction - use webDriverwait to find element: xpath=>.//*[@id='cbx_mainWin_productCategoryViewGrid_SEL_COL-cave']/div[2]/span/input
2019-02-18 16:38:06,930 main INFO com.winnie.driver.SeleniumWebdriver - start open browse 
2019-02-18 16:38:07,700 main INFO com.winnie.action.BaseAction - use webDriverwait to find element: id=>username
2019-02-18 16:38:07,963 main INFO com.winnie.action.BaseAction - use webDriverwait to find element: id=>password
2019-02-18 16:38:08,091 main INFO com.winnie.action.BaseAction - use webDriverwait to find element: id=>submit
2019-02-18 16:38:08,727 main INFO com.winnie.action.BaseAction - use webDriverwait to find element: xpath=>/html/body/form/div/div[3]/input[1]
2019-02-18 16:38:20,119 main INFO com.winnie.action.BaseAction - use webDriverwait to find element: id=>cbx_e1
2019-02-18 16:38:20,176 main INFO com.winnie.cbx.common.CommonFunction - Navi: Products
2019-02-18 16:38:25,261 main INFO com.winnie.action.BaseAction - use webDriverwait to find element: id=>cbx_mainWin_create-a
2019-02-18 16:38:25,391 main INFO com.winnie.action.BaseAction - use webDriverwait to find element: id=>cbx_mainWin_itemSearchNewDoc-a
2019-02-18 16:38:25,509 main INFO com.winnie.cbx.common.CommonFunction - create a doc successfully
2019-02-18 16:38:35,509 main INFO com.winnie.action.BaseAction - use webDriverwait to find element: id=>cbx_itemForm_productCategory-btn
2019-02-18 16:38:52,320 main INFO com.winnie.action.BaseAction - use webDriverwait to find element: xpath=>.//*[@id='cbx_mainWin_productCategoryViewGrid_SEL_COL-cave']/div[2]/span/label
2019-02-18 16:38:59,382 main INFO com.winnie.action.BaseAction - use webDriverwait to find element: xpath=>.//*[text()='OK']
2019-02-18 16:59:53,593 main INFO com.winnie.driver.SeleniumWebdriver - start open browse 
2019-02-18 16:59:54,909 main INFO com.winnie.action.BaseAction - use webDriverwait to find element: id=>username
2019-02-18 16:59:55,239 main INFO com.winnie.action.BaseAction - use webDriverwait to find element: id=>password
2019-02-18 16:59:55,430 main INFO com.winnie.action.BaseAction - use webDriverwait to find element: id=>submit
2019-02-18 16:59:57,007 main INFO com.winnie.action.BaseAction - use webDriverwait to find element: xpath=>/html/body/form/div/div[3]/input[1]
2019-02-18 17:00:11,081 main INFO com.winnie.action.BaseAction - use webDriverwait to find element: id=>cbx_e1
2019-02-18 17:00:11,128 main INFO com.winnie.cbx.common.CommonFunction - Navi: Products
2019-02-18 17:00:16,217 main INFO com.winnie.action.BaseAction - use webDriverwait to find element: id=>cbx_mainWin_create-a
2019-02-18 17:00:16,411 main INFO com.winnie.action.BaseAction - use webDriverwait to find element: id=>cbx_mainWin_itemSearchNewDoc-a
2019-02-18 17:00:16,593 main INFO com.winnie.cbx.common.CommonFunction - create a doc successfully
2019-02-18 17:00:36,628 main INFO com.winnie.action.BaseAction - use webDriverwait to find element: id=>cbx_e1
2019-02-18 17:00:36,679 main INFO com.winnie.cbx.common.CommonFunction - Navi: Products
2019-02-18 17:00:36,736 main INFO com.winnie.action.BaseAction - use webDriverwait to find element: id=>cbx_itemForm_saveDoc-a
2019-02-18 17:02:46,173 main INFO com.winnie.driver.SeleniumWebdriver - start open browse 
2019-02-18 17:02:47,169 main INFO com.winnie.action.BaseAction - use webDriverwait to find element: id=>username
2019-02-18 17:02:47,463 main INFO com.winnie.action.BaseAction - use webDriverwait to find element: id=>password
2019-02-18 17:02:47,647 main INFO com.winnie.action.BaseAction - use webDriverwait to find element: id=>submit
2019-02-18 17:02:48,484 main INFO com.winnie.action.BaseAction - use webDriverwait to find element: xpath=>/html/body/form/div/div[3]/input[1]
2019-02-18 17:03:02,238 TestNG-test=Test1-1 INFO com.winnie.action.BaseAction - use webDriverwait to find element: id=>cbx_e1
2019-02-18 17:03:02,315 TestNG-test=Test1-1 INFO com.winnie.cbx.common.CommonFunction - Navi: Products
2019-02-18 17:03:07,388 TestNG-test=Test1-1 INFO com.winnie.action.BaseAction - use webDriverwait to find element: id=>cbx_mainWin_create-a
2019-02-18 17:03:07,518 TestNG-test=Test1-1 INFO com.winnie.action.BaseAction - use webDriverwait to find element: id=>cbx_mainWin_itemSearchNewDoc-a
2019-02-18 17:03:07,620 TestNG-test=Test1-1 INFO com.winnie.cbx.common.CommonFunction - create a doc successfully
2019-02-18 17:03:27,636 TestNG-test=Test1-2 INFO com.winnie.action.BaseAction - use webDriverwait to find element: id=>cbx_e1
2019-02-18 17:03:27,686 TestNG-test=Test1-2 INFO com.winnie.cbx.common.CommonFunction - Navi: Products
2019-02-18 17:03:27,748 TestNG-test=Test1-2 INFO com.winnie.action.BaseAction - use webDriverwait to find element: id=>cbx_itemForm_saveDoc-a
2019-02-18 17:04:57,113 main INFO com.winnie.driver.SeleniumWebdriver - start open browse 
2019-02-18 17:04:58,292 main INFO com.winnie.action.BaseAction - use webDriverwait to find element: id=>username
2019-02-18 17:04:58,676 main INFO com.winnie.action.BaseAction - use webDriverwait to find element: id=>password
2019-02-18 17:04:58,842 main INFO com.winnie.action.BaseAction - use webDriverwait to find element: id=>submit
2019-02-18 17:04:59,540 main INFO com.winnie.action.BaseAction - use webDriverwait to find element: xpath=>/html/body/form/div/div[3]/input[1]
2019-02-18 17:05:11,221 TestNG-test=Test1-1 INFO com.winnie.action.BaseAction - use webDriverwait to find element: id=>cbx_e1
2019-02-18 17:05:11,279 TestNG-test=Test1-1 INFO com.winnie.cbx.common.CommonFunction - Navi: Products
2019-02-18 17:05:16,376 TestNG-test=Test1-1 INFO com.winnie.action.BaseAction - use webDriverwait to find element: id=>cbx_mainWin_create-a
2019-02-18 17:05:16,507 TestNG-test=Test1-1 INFO com.winnie.action.BaseAction - use webDriverwait to find element: id=>cbx_mainWin_itemSearchNewDoc-a
2019-02-18 17:05:16,596 TestNG-test=Test1-1 INFO com.winnie.cbx.common.CommonFunction - create a doc successfully
2019-02-18 17:05:36,611 TestNG-test=Test1-2 INFO com.winnie.action.BaseAction - use webDriverwait to find element: id=>cbx_e1
2019-02-18 17:05:36,684 TestNG-test=Test1-2 INFO com.winnie.cbx.common.CommonFunction - Navi: Products
2019-02-18 17:05:36,737 TestNG-test=Test1-2 INFO com.winnie.action.BaseAction - use webDriverwait to find element: id=>cbx_itemForm_itemDesc-real
2019-02-18 17:05:36,961 TestNG-test=Test1-2 INFO com.winnie.action.BaseAction - use webDriverwait to find element: id=>cbx_itemForm_productCategory-btn
2019-02-18 17:05:42,089 TestNG-test=Test1-2 INFO com.winnie.action.BaseAction - use webDriverwait to find element: xpath=>.//*[@id='cbx_mainWin_productCategoryViewGrid_SEL_COL-cave']/div[2]/span/label
2019-02-18 17:05:42,194 TestNG-test=Test1-2 INFO com.winnie.action.BaseAction - use webDriverwait to find element: xpath=>.//*[text()='OK']
2019-02-18 17:10:42,601 main INFO com.winnie.driver.SeleniumWebdriver - start open browse 
2019-02-18 17:10:43,385 main INFO com.winnie.action.BaseAction - use webDriverwait to find element: id=>username
2019-02-18 17:10:43,601 main INFO com.winnie.action.BaseAction - use webDriverwait to find element: id=>password
2019-02-18 17:10:43,711 main INFO com.winnie.action.BaseAction - use webDriverwait to find element: id=>submit
2019-02-18 17:10:44,769 main INFO com.winnie.action.BaseAction - use webDriverwait to find element: xpath=>/html/body/form/div/div[3]/input[1]
2019-02-18 17:11:01,028 TestNG-test=Test1-1 INFO com.winnie.action.BaseAction - use webDriverwait to find element: id=>cbx_e1
2019-02-18 17:11:01,092 TestNG-test=Test1-1 INFO com.winnie.cbx.common.CommonFunction - Navi: Products
2019-02-18 17:11:06,163 TestNG-test=Test1-1 INFO com.winnie.action.BaseAction - use webDriverwait to find element: id=>cbx_mainWin_create-a
2019-02-18 17:11:07,766 TestNG-test=Test1-1 INFO com.winnie.action.BaseAction - the screenShot file is saved in J:\workspace\selenium workspace\selenium_framework\screenshot\
2019-02-18 17:11:07,766 TestNG-test=Test1-1 INFO com.winnie.action.BaseAction - use webDriverwait to find element: id=>cbx_mainWin_itemSearchNewDoc-a
2019-02-18 17:11:08,134 TestNG-test=Test1-1 INFO com.winnie.action.BaseAction - the screenShot file is saved in J:\workspace\selenium workspace\selenium_framework\screenshot\
2019-02-18 17:11:08,135 TestNG-test=Test1-1 INFO com.winnie.cbx.common.CommonFunction - create a doc successfully
2019-02-18 17:11:18,154 TestNG-test=Test1-2 INFO com.winnie.action.BaseAction - use webDriverwait to find element: id=>cbx_itemForm_itemDesc-real
2019-02-18 17:11:28,895 TestNG-test=Test1-2 INFO com.winnie.action.BaseAction - the screenShot file is saved in J:\workspace\selenium workspace\selenium_framework\screenshot\
2019-02-18 17:11:28,895 TestNG-test=Test1-2 ERROR com.winnie.action.BaseAction - find no element for id=>cbx_itemForm_itemDesc-real
2019-02-18 17:17:45,825 main INFO com.winnie.driver.SeleniumWebdriver - start open browse 
2019-02-18 17:17:46,830 main INFO com.winnie.action.BaseAction - use webDriverwait to find element: id=>username
2019-02-18 17:17:47,197 main INFO com.winnie.action.BaseAction - use webDriverwait to find element: id=>password
2019-02-18 17:17:47,408 main INFO com.winnie.action.BaseAction - use webDriverwait to find element: id=>submit
2019-02-18 17:17:49,830 main INFO com.winnie.action.BaseAction - use webDriverwait to find element: xpath=>/html/body/form/div/div[3]/input[1]
2019-02-18 17:18:01,706 TestNG-test=Test1-1 INFO com.winnie.action.BaseAction - use webDriverwait to find element: id=>cbx_e1
2019-02-18 17:18:01,763 TestNG-test=Test1-1 INFO com.winnie.cbx.common.CommonFunction - Navi: Products
2019-02-18 17:18:06,833 TestNG-test=Test1-1 INFO com.winnie.action.BaseAction - use webDriverwait to find element: id=>cbx_mainWin_create-a
2019-02-18 17:18:14,935 TestNG-test=Test1-1 INFO com.winnie.action.BaseAction - the screenShot file is saved in J:\workspace\selenium workspace\selenium_framework\screenshot\
2019-02-18 17:18:14,935 TestNG-test=Test1-1 INFO com.winnie.action.BaseAction - use webDriverwait to find element: id=>cbx_mainWin_itemSearchNewDoc-a
2019-02-18 17:18:15,338 TestNG-test=Test1-1 INFO com.winnie.action.BaseAction - the screenShot file is saved in J:\workspace\selenium workspace\selenium_framework\screenshot\
2019-02-18 17:18:15,338 TestNG-test=Test1-1 INFO com.winnie.cbx.common.CommonFunction - create a doc successfully
2019-02-18 17:19:57,287 TestNG-test=Test1-2 INFO com.winnie.action.BaseAction - use webDriverwait to find element: id=>cbx_itemForm_itemDesc-real
2019-02-18 17:20:08,267 TestNG-test=Test1-2 INFO com.winnie.action.BaseAction - the screenShot file is saved in J:\workspace\selenium workspace\selenium_framework\screenshot\
2019-02-18 17:20:08,267 TestNG-test=Test1-2 ERROR com.winnie.action.BaseAction - find no element for id=>cbx_itemForm_itemDesc-real
2019-02-18 17:21:05,657 main INFO com.winnie.driver.SeleniumWebdriver - start open browse 
2019-02-18 17:21:07,151 main INFO com.winnie.action.BaseAction - use webDriverwait to find element: id=>username
2019-02-18 17:21:07,380 main INFO com.winnie.action.BaseAction - use webDriverwait to find element: id=>password
2019-02-18 17:21:07,497 main INFO com.winnie.action.BaseAction - use webDriverwait to find element: id=>submit
2019-02-18 17:21:09,368 main INFO com.winnie.action.BaseAction - use webDriverwait to find element: xpath=>/html/body/form/div/div[3]/input[1]
2019-02-18 17:21:24,483 main INFO com.winnie.action.BaseAction - use webDriverwait to find element: id=>cbx_e1
2019-02-18 17:21:24,540 main INFO com.winnie.cbx.common.CommonFunction - Navi: Products
2019-02-18 17:21:41,652 main INFO com.winnie.action.BaseAction - use webDriverwait to find element: id=>cbx_mainWin_create-a
2019-02-18 17:21:44,326 main INFO com.winnie.action.BaseAction - use webDriverwait to find element: id=>cbx_mainWin_itemSearchNewDoc-a
2019-02-18 17:21:44,461 main INFO com.winnie.cbx.common.CommonFunction - create a doc successfully
2019-02-18 17:22:17,054 main INFO com.winnie.action.BaseAction - use webDriverwait to find element: id=>cbx_itemForm_itemDesc-real
2019-02-18 17:22:21,666 main INFO com.winnie.action.BaseAction - use webDriverwait to find element: id=>cbx_itemForm_productCategory-btn
2019-02-18 17:22:28,201 main INFO com.winnie.action.BaseAction - use webDriverwait to find element: xpath=>.//*[@id='cbx_mainWin_productCategoryViewGrid_SEL_COL-cave']/div[2]/span/label
2019-02-18 17:22:28,313 main INFO com.winnie.action.BaseAction - use webDriverwait to find element: xpath=>.//*[text()='OK']
2019-02-18 17:22:43,840 main INFO com.winnie.action.BaseAction - use webDriverwait to find element: id=>cbx_itemForm_saveDoc-a
2019-02-18 17:25:05,791 main INFO com.winnie.driver.SeleniumWebdriver - start open browse 
2019-02-18 17:25:07,700 main INFO com.winnie.action.BaseAction - use webDriverwait to find element: id=>username
2019-02-18 17:25:07,905 main INFO com.winnie.action.BaseAction - use webDriverwait to find element: id=>password
2019-02-18 17:25:08,012 main INFO com.winnie.action.BaseAction - use webDriverwait to find element: id=>submit
2019-02-18 17:25:11,112 main INFO com.winnie.action.BaseAction - use webDriverwait to find element: xpath=>/html/body/form/div/div[3]/input[1]
2019-02-18 17:25:23,821 TestNG-test=Test1-1 INFO com.winnie.action.BaseAction - use webDriverwait to find element: id=>cbx_e1
2019-02-18 17:25:23,902 TestNG-test=Test1-1 INFO com.winnie.cbx.common.CommonFunction - Navi: Products
2019-02-18 17:25:28,988 TestNG-test=Test1-1 INFO com.winnie.action.BaseAction - use webDriverwait to find element: id=>cbx_mainWin_create-a
2019-02-18 17:25:36,807 TestNG-test=Test1-1 INFO com.winnie.action.BaseAction - the screenShot file is saved in J:\workspace\selenium workspace\selenium_framework\screenshot\
2019-02-18 17:25:36,807 TestNG-test=Test1-1 INFO com.winnie.action.BaseAction - use webDriverwait to find element: id=>cbx_mainWin_itemSearchNewDoc-a
2019-02-18 17:25:37,206 TestNG-test=Test1-1 INFO com.winnie.action.BaseAction - the screenShot file is saved in J:\workspace\selenium workspace\selenium_framework\screenshot\
2019-02-18 17:25:37,207 TestNG-test=Test1-1 INFO com.winnie.cbx.common.CommonFunction - create a doc successfully
2019-02-18 17:25:47,225 TestNG-test=Test1-2 INFO com.winnie.action.BaseAction - use webDriverwait to find element: id=>cbx_itemForm_itemDesc-real
2019-02-18 17:25:58,066 TestNG-test=Test1-2 INFO com.winnie.action.BaseAction - the screenShot file is saved in J:\workspace\selenium workspace\selenium_framework\screenshot\
2019-02-18 17:25:58,066 TestNG-test=Test1-2 ERROR com.winnie.action.BaseAction - find no element for id=>cbx_itemForm_itemDesc-real
2019-02-18 17:29:06,786 main INFO com.winnie.driver.SeleniumWebdriver - start open browse 
2019-02-18 17:29:07,722 main INFO com.winnie.action.BaseAction - use webDriverwait to find element: id=>username
2019-02-18 17:29:08,058 main INFO com.winnie.action.BaseAction - use webDriverwait to find element: id=>password
2019-02-18 17:29:08,220 main INFO com.winnie.action.BaseAction - use webDriverwait to find element: id=>submit
2019-02-18 17:29:10,658 main INFO com.winnie.action.BaseAction - use webDriverwait to find element: xpath=>/html/body/form/div/div[3]/input[1]
2019-02-18 17:29:22,235 TestNG-test=Test1-1 INFO com.winnie.action.BaseAction - use webDriverwait to find element: id=>cbx_e1
2019-02-18 17:29:22,284 TestNG-test=Test1-1 INFO com.winnie.cbx.common.CommonFunction - Navi: Products
2019-02-18 17:29:27,380 TestNG-test=Test1-1 INFO com.winnie.action.BaseAction - use webDriverwait to find element: id=>cbx_mainWin_create-a
2019-02-18 17:29:30,174 TestNG-test=Test1-1 INFO com.winnie.action.BaseAction - use webDriverwait to find element: id=>cbx_mainWin_itemSearchNewDoc-a
2019-02-18 17:29:30,274 TestNG-test=Test1-1 INFO com.winnie.cbx.common.CommonFunction - create a doc successfully
2019-02-18 17:29:40,292 TestNG-test=Test1-1 INFO com.winnie.action.BaseAction - use webDriverwait to find element: id=>cbx_itemForm_itemDesc-real
2019-02-18 17:29:46,808 TestNG-test=Test1-1 INFO com.winnie.action.BaseAction - use webDriverwait to find element: id=>cbx_itemForm_productCategory-btn
2019-02-18 17:29:51,911 TestNG-test=Test1-1 INFO com.winnie.action.BaseAction - use webDriverwait to find element: xpath=>.//*[@id='cbx_mainWin_productCategoryViewGrid_SEL_COL-cave']/div[2]/span/label
2019-02-18 17:29:52,007 TestNG-test=Test1-1 INFO com.winnie.action.BaseAction - use webDriverwait to find element: xpath=>.//*[text()='OK']
2019-02-18 17:29:57,165 TestNG-test=Test1-1 INFO com.winnie.action.BaseAction - use webDriverwait to find element: id=>cbx_itemForm_saveDoc-a
2019-02-18 17:59:08,637 TestNG-test=Test1-1 INFO com.winnie.driver.SeleniumWebdriver - start open browse 
2019-02-18 17:59:09,498 TestNG-test=Test1-1 INFO com.winnie.action.BaseAction - use webDriverwait to find element: id=>username
2019-02-18 17:59:09,760 TestNG-test=Test1-1 INFO com.winnie.action.BaseAction - use webDriverwait to find element: id=>password
2019-02-18 17:59:09,885 TestNG-test=Test1-1 INFO com.winnie.action.BaseAction - use webDriverwait to find element: id=>submit
2019-02-18 17:59:35,262 TestNG-test=Test1-1 INFO com.winnie.action.BaseAction - use webDriverwait to find element: xpath=>/html/body/form/div/div[3]/input[1]
2019-02-18 17:59:58,860 TestNG-test=Test1-1 INFO com.winnie.action.BaseAction - use webDriverwait to find element: id=>cbx_e1
2019-02-18 17:59:58,902 TestNG-test=Test1-1 INFO com.winnie.cbx.common.CommonFunction - Navi: Products
2019-02-18 18:00:03,978 TestNG-test=Test1-1 INFO com.winnie.action.BaseAction - use webDriverwait to find element: id=>cbx_mainWin_create-a
2019-02-18 18:00:14,828 TestNG-test=Test1-1 INFO com.winnie.action.BaseAction - the screenShot file is saved in J:\workspace\selenium workspace\selenium_framework\screenshot\
2019-02-18 18:00:14,828 TestNG-test=Test1-1 ERROR com.winnie.action.BaseAction - find no element for id=>cbx_mainWin_create-a
2019-02-18 18:00:24,839 TestNG-test=Test1-1 INFO com.winnie.action.BaseAction - use webDriverwait to find element: id=>cbx__imageDownBtn
2019-02-18 18:00:24,911 TestNG-test=Test1-1 INFO com.winnie.action.BaseAction - use webDriverwait to find element: id=>cbx__logoutTxtBtn
2019-02-18 18:00:25,511 TestNG-test=Test1-1 INFO com.winnie.action.BaseAction - browse quit
